<?xml version="1.0" encoding="UTF-8"?>
<!-- Generated by org.testng.reporters.JUnitReportReporter -->
<testsuite skipped="0" hostname="LAPTOP-TQ1V41LT" name="com.avlon.testcases.StarterStagePageTest" tests="1" failures="0" timestamp="2021-10-16T21:51:08 IST" time="177.459" errors="0">
  <testcase name="StarterStageCreation" time="177.459" classname="com.avlon.testcases.StarterStagePageTest"/>
  <system-out/>
</testsuite> <!-- com.avlon.testcases.StarterStagePageTest -->
