<?xml version="1.0" encoding="UTF-8"?>
<!-- Generated by org.testng.reporters.JUnitReportReporter -->
<testsuite skipped="0" hostname="LAPTOP-TQ1V41LT" name="com.avlon.testcases.ForumPageTest" tests="1" failures="0" timestamp="2021-11-10T19:20:02 IST" time="98.166" errors="0">
  <testcase name="ForumCreation" time="98.166" classname="com.avlon.testcases.ForumPageTest"/>
  <system-out/>
</testsuite> <!-- com.avlon.testcases.ForumPageTest -->
