<?xml version="1.0" encoding="UTF-8"?>
<!-- Generated by org.testng.reporters.JUnitReportReporter -->
<testsuite skipped="0" hostname="LAPTOP-TQ1V41LT" name="com.avlon.testcases.HomePageTest" tests="1" failures="0" timestamp="2021-10-09T18:55:24 IST" time="89.698" errors="0">
  <testcase name="verifyHomePageLoading" time="89.698" classname="com.avlon.testcases.HomePageTest"/>
  <system-out/>
</testsuite> <!-- com.avlon.testcases.HomePageTest -->
