<?xml version="1.0" encoding="UTF-8"?>
<!-- Generated by org.testng.reporters.JUnitReportReporter -->
<testsuite skipped="0" hostname="LAPTOP-TQ1V41LT" name="com.avlon.testcases.HomePageTest" tests="1" failures="0" timestamp="2021-11-10T19:20:02 IST" time="88.355" errors="0">
  <testcase name="verifyHomePageLoading" time="88.355" classname="com.avlon.testcases.HomePageTest"/>
  <system-out/>
</testsuite> <!-- com.avlon.testcases.HomePageTest -->
