<?xml version="1.0" encoding="UTF-8"?>
<!-- Generated by org.testng.reporters.JUnitReportReporter -->
<testsuite skipped="0" hostname="LAPTOP-TQ1V41LT" name="com.avlon.testcases.LoginPageTest" tests="1" failures="0" timestamp="2021-10-09T18:55:24 IST" time="33.500" errors="0">
  <testcase name="loginValidEmail" time="33.500" classname="com.avlon.testcases.LoginPageTest"/>
  <system-out/>
</testsuite> <!-- com.avlon.testcases.LoginPageTest -->
