<?xml version="1.0" encoding="UTF-8"?>
<!-- Generated by org.testng.reporters.JUnitReportReporter -->
<testsuite skipped="0" hostname="LAPTOP-TQ1V41LT" name="Tests.Initialize" tests="1" failures="0" timestamp="2021-09-08T18:36:26 IST" time="0.011" errors="0">
  <testcase name="test1" time="0.011" classname="Tests.Initialize"/>
  <system-out/>
</testsuite> <!-- Tests.Initialize -->
