<?xml version="1.0" encoding="UTF-8"?>
<!-- Generated by org.testng.reporters.JUnitReportReporter -->
<testsuite skipped="0" hostname="LAPTOP-TQ1V41LT" name="com.avlon.testcases.ChannelCreationPageTest" tests="1" failures="0" timestamp="2021-10-11T21:40:36 IST" time="119.138" errors="0">
  <testcase name="sceneCreation" time="119.138" classname="com.avlon.testcases.ChannelCreationPageTest"/>
  <system-out/>
</testsuite> <!-- com.avlon.testcases.ChannelCreationPageTest -->
