<?xml version="1.0" encoding="UTF-8"?>
<!-- Generated by org.testng.reporters.JUnitReportReporter -->
<testsuite skipped="0" hostname="LAPTOP-TQ1V41LT" name="com.avlon.testcases.CalendarPageTest" tests="1" failures="0" timestamp="2021-10-10T21:37:30 IST" time="102.944" errors="0">
  <testcase name="CalenderEventCreation" time="102.944" classname="com.avlon.testcases.CalendarPageTest"/>
  <system-out/>
</testsuite> <!-- com.avlon.testcases.CalendarPageTest -->
