<?xml version="1.0" encoding="UTF-8"?>
<!-- Generated by org.testng.reporters.JUnitReportReporter -->
<testsuite skipped="0" hostname="LAPTOP-TQ1V41LT" name="Tests.Tests" tests="1" failures="0" timestamp="2021-10-06T19:19:51 IST" time="26.540" errors="0">
  <testcase name="login" time="26.540" classname="Tests.Tests"/>
  <system-out/>
</testsuite> <!-- Tests.Tests -->
