<?xml version="1.0" encoding="UTF-8"?>
<!-- Generated by org.testng.reporters.JUnitReportReporter -->
<testsuite skipped="0" hostname="LAPTOP-TQ1V41LT" name="com.avlon.testcases.SceneAndChannelCreationPageTest" tests="1" failures="0" timestamp="2021-10-11T22:49:38 IST" time="127.268" errors="0">
  <testcase name="sceneAndChannelCreation" time="127.268" classname="com.avlon.testcases.SceneAndChannelCreationPageTest"/>
  <system-out/>
</testsuite> <!-- com.avlon.testcases.SceneAndChannelCreationPageTest -->
